<?xml version="1.0" encoding="UTF-8"?>
<!-- Generated by org.testng.reporters.JUnitXMLReporter -->
<testsuite ignored="0" hostname="DESKTOP-P28HKM6" failures="0" tests="2" name="ChromeTest" time="8.03" errors="0" timestamp="2022-09-22T14:16:12 IST">
  <testcase classname="Test.TestNgClassRdbus" name="@BeforeMethod openhomepage" time="5.833">
    <failure type="org.openqa.selenium.NoSuchElementException" message="Cannot locate an element using xpath=(//div[@title=&amp;apos;close&amp;apos;])[2]
For documentation on this error, please visit: https://www.seleniumhq.org/exceptions/no_such_element.html
Build info: version: &amp;apos;3.141.59&amp;apos;, revision: &amp;apos;e82be7d358&amp;apos;, time: &amp;apos;2018-11-14T08:17:03&amp;apos;
System info: host: &amp;apos;DESKTOP-P28HKM6&amp;apos;, ip: &amp;apos;192.168.43.205&amp;apos;, os.name: &amp;apos;Windows 10&amp;apos;, os.arch: &amp;apos;amd64&amp;apos;, os.version: &amp;apos;10.0&amp;apos;, java.version: &amp;apos;18.0.1.1&amp;apos;
Driver info: driver.version: RemoteWebDriver">
      <![CDATA[org.openqa.selenium.NoSuchElementException: Cannot locate an element using xpath=(//div[@title='close'])[2]
For documentation on this error, please visit: https://www.seleniumhq.org/exceptions/no_such_element.html
Build info: version: '3.141.59', revision: 'e82be7d358', time: '2018-11-14T08:17:03'
System info: host: 'DESKTOP-P28HKM6', ip: '192.168.43.205', os.name: 'Windows 10', os.arch: 'amd64', os.version: '10.0', java.version: '18.0.1.1'
Driver info: driver.version: RemoteWebDriver
at org.openqa.selenium.remote.RemoteWebDriver.findElement(RemoteWebDriver.java:327)
at org.openqa.selenium.remote.RemoteWebDriver.findElementByXPath(RemoteWebDriver.java:428)
at org.openqa.selenium.By$ByXPath.findElement(By.java:353)
at org.openqa.selenium.remote.RemoteWebDriver.findElement(RemoteWebDriver.java:315)
at org.openqa.selenium.support.pagefactory.DefaultElementLocator.findElement(DefaultElementLocator.java:69)
at org.openqa.selenium.support.pagefactory.internal.LocatingElementHandler.invoke(LocatingElementHandler.java:38)
at jdk.proxy2/jdk.proxy2.$Proxy17.click(Unknown Source)
at pagered.FramePage.switchtoframe(FramePage.java:21)
at Test.TestNgClassRdbus.openhomepage(TestNgClassRdbus.java:56)
at java.base/java.util.ArrayList.forEach(ArrayList.java:1511)
... Removed 29 stack frames]]>
    </failure>
  </testcase> <!-- @BeforeMethod openhomepage -->
  <testcase classname="Test.TestNgClassRdbus" name="@AfterMethod aftermethod" time="-1.663836372291E9">
    <skipped/>
  </testcase> <!-- @AfterMethod aftermethod -->
  <testcase classname="Test.TestNgClassRdbus" name="@BeforeMethod openhomepage" time="-1.663836372308E9">
    <skipped/>
  </testcase> <!-- @BeforeMethod openhomepage -->
  <testcase classname="Test.TestNgClassRdbus" name="@AfterMethod aftermethod" time="-1.663836372335E9">
    <skipped/>
  </testcase> <!-- @AfterMethod aftermethod -->
  <testcase classname="Test.TestNgClassRdbus" name="@AfterClass clearobject" time="-1.663836372342E9">
    <skipped/>
  </testcase> <!-- @AfterClass clearobject -->
  <testcase classname="Test.TestNgClassRdbus" name="@AfterTest closeBrowser" time="-1.663836372349E9">
    <skipped/>
  </testcase> <!-- @AfterTest closeBrowser -->
  <testcase classname="Test.TestNgClassRdbus" name="checkbooking" time="0.0">
    <skipped/>
  </testcase> <!-- checkbooking -->
  <testcase classname="Test.TestNgClassRdbus" name="clickontech" time="0.001">
    <skipped/>
  </testcase> <!-- clickontech -->
</testsuite> <!-- ChromeTest -->
