<?xml version="1.0" encoding="UTF-8"?>
<testng-results ignored="0" total="2" passed="0" failed="2" skipped="0">
  <reporter-output>
  </reporter-output>
  <suite started-at="2022-09-26T12:18:30 IST" name="RegrationSuite1" finished-at="2022-09-26T12:18:45 IST" duration-ms="15159">
    <groups>
    </groups>
    <test started-at="2022-09-26T12:18:30 IST" name="ChromeTest" finished-at="2022-09-26T12:18:36 IST" duration-ms="6606">
      <class name="Tests.TstNgClass1">
        <test-method is-config="true" signature="openBrowser(java.lang.String)[pri:0, instance:Tests.TstNgClass1@6356695f]" started-at="2022-09-26T12:18:30 IST" name="openBrowser" finished-at="2022-09-26T12:18:32 IST" duration-ms="1849" status="PASS">
          <params>
            <param index="0">
              <value>
                <![CDATA[chrome]]>
              </value>
            </param>
          </params>
          <reporter-output>
          </reporter-output>
        </test-method> <!-- openBrowser -->
        <test-method is-config="true" signature="creatObject()[pri:0, instance:Tests.TstNgClass1@6356695f]" started-at="2022-09-26T12:18:32 IST" name="creatObject" finished-at="2022-09-26T12:18:32 IST" duration-ms="42" status="PASS">
          <reporter-output>
          </reporter-output>
        </test-method> <!-- creatObject -->
        <test-method is-config="true" signature="beforemethod()[pri:0, instance:Tests.TstNgClass1@6356695f]" started-at="2022-09-26T12:18:32 IST" name="beforemethod" finished-at="2022-09-26T12:18:35 IST" duration-ms="3773" status="PASS">
          <reporter-output>
          </reporter-output>
        </test-method> <!-- beforemethod -->
        <test-method signature="verifybackbutton()[pri:0, instance:Tests.TstNgClass1@6356695f]" started-at="2022-09-26T12:18:35 IST" name="verifybackbutton" finished-at="2022-09-26T12:18:36 IST" duration-ms="747" status="FAIL">
          <exception class="java.lang.AssertionError">
            <message>
              <![CDATA[The following asserts failed:
expected [https://www.saucedemo.com/inventory.htm] but found [https://www.saucedemo.com/inventory.html]]]>
            </message>
            <full-stacktrace>
              <![CDATA[java.lang.AssertionError: The following asserts failed:
expected [https://www.saucedemo.com/inventory.htm] but found [https://www.saucedemo.com/inventory.html]
at org.testng.asserts.SoftAssert.assertAll(SoftAssert.java:47)
at org.testng.asserts.SoftAssert.assertAll(SoftAssert.java:31)
at Tests.TstNgClass1.verifybackbutton(TstNgClass1.java:82)
at java.base/jdk.internal.reflect.DirectMethodHandleAccessor.invoke(DirectMethodHandleAccessor.java:104)
at java.base/java.lang.reflect.Method.invoke(Method.java:577)
at org.testng.internal.MethodInvocationHelper.invokeMethod(MethodInvocationHelper.java:133)
at org.testng.internal.TestInvoker.invokeMethod(TestInvoker.java:598)
at org.testng.internal.TestInvoker.invokeTestMethod(TestInvoker.java:173)
at org.testng.internal.MethodRunner.runInSequence(MethodRunner.java:46)
at org.testng.internal.TestInvoker$MethodInvocationAgent.invoke(TestInvoker.java:824)
at org.testng.internal.TestInvoker.invokeTestMethods(TestInvoker.java:146)
at org.testng.internal.TestMethodWorker.invokeTestMethods(TestMethodWorker.java:146)
at org.testng.internal.TestMethodWorker.run(TestMethodWorker.java:128)
at java.base/java.util.ArrayList.forEach(ArrayList.java:1511)
at org.testng.TestRunner.privateRun(TestRunner.java:794)
at org.testng.TestRunner.run(TestRunner.java:596)
at org.testng.SuiteRunner.runTest(SuiteRunner.java:377)
at org.testng.SuiteRunner.runSequentially(SuiteRunner.java:371)
at org.testng.SuiteRunner.privateRun(SuiteRunner.java:332)
at org.testng.SuiteRunner.run(SuiteRunner.java:276)
at org.testng.SuiteRunnerWorker.runSuite(SuiteRunnerWorker.java:53)
at org.testng.SuiteRunnerWorker.run(SuiteRunnerWorker.java:96)
at org.testng.TestNG.runSuitesSequentially(TestNG.java:1212)
at org.testng.TestNG.runSuitesLocally(TestNG.java:1134)
at org.testng.TestNG.runSuites(TestNG.java:1063)
at org.testng.TestNG.run(TestNG.java:1031)
at org.testng.remote.AbstractRemoteTestNG.run(AbstractRemoteTestNG.java:115)
at org.testng.remote.RemoteTestNG.initAndRun(RemoteTestNG.java:251)
at org.testng.remote.RemoteTestNG.main(RemoteTestNG.java:77)
]]>
            </full-stacktrace>
          </exception> <!-- java.lang.AssertionError -->
          <reporter-output>
          </reporter-output>
        </test-method> <!-- verifybackbutton -->
        <test-method is-config="true" signature="clearObjects()[pri:0, instance:Tests.TstNgClass1@6356695f]" started-at="2022-09-26T12:18:36 IST" name="clearObjects" finished-at="2022-09-26T12:18:36 IST" duration-ms="0" status="PASS">
          <reporter-output>
          </reporter-output>
        </test-method> <!-- clearObjects -->
        <test-method is-config="true" signature="closeBrowser()[pri:0, instance:Tests.TstNgClass1@6356695f]" started-at="2022-09-26T12:18:36 IST" name="closeBrowser" finished-at="2022-09-26T12:18:36 IST" duration-ms="140" status="PASS">
          <reporter-output>
          </reporter-output>
        </test-method> <!-- closeBrowser -->
      </class> <!-- Tests.TstNgClass1 -->
    </test> <!-- ChromeTest -->
    <test started-at="2022-09-26T12:18:36 IST" name="FirefoxTest" finished-at="2022-09-26T12:18:45 IST" duration-ms="8503">
      <class name="Tests.TstNgClass1">
        <test-method is-config="true" signature="openBrowser(java.lang.String)[pri:0, instance:Tests.TstNgClass1@4efbca5a]" started-at="2022-09-26T12:18:36 IST" name="openBrowser" finished-at="2022-09-26T12:18:40 IST" duration-ms="3741" status="PASS">
          <params>
            <param index="0">
              <value>
                <![CDATA[Firefox]]>
              </value>
            </param>
          </params>
          <reporter-output>
          </reporter-output>
        </test-method> <!-- openBrowser -->
        <test-method is-config="true" signature="creatObject()[pri:0, instance:Tests.TstNgClass1@4efbca5a]" started-at="2022-09-26T12:18:40 IST" name="creatObject" finished-at="2022-09-26T12:18:40 IST" duration-ms="1" status="PASS">
          <reporter-output>
          </reporter-output>
        </test-method> <!-- creatObject -->
        <test-method is-config="true" signature="beforemethod()[pri:0, instance:Tests.TstNgClass1@4efbca5a]" started-at="2022-09-26T12:18:40 IST" name="beforemethod" finished-at="2022-09-26T12:18:43 IST" duration-ms="3163" status="PASS">
          <reporter-output>
          </reporter-output>
        </test-method> <!-- beforemethod -->
        <test-method signature="verifybackbutton()[pri:0, instance:Tests.TstNgClass1@4efbca5a]" started-at="2022-09-26T12:18:43 IST" name="verifybackbutton" finished-at="2022-09-26T12:18:44 IST" duration-ms="616" status="FAIL">
          <exception class="java.lang.AssertionError">
            <message>
              <![CDATA[The following asserts failed:
expected [https://www.saucedemo.com/inventory.htm] but found [https://www.saucedemo.com/inventory.html]]]>
            </message>
            <full-stacktrace>
              <![CDATA[java.lang.AssertionError: The following asserts failed:
expected [https://www.saucedemo.com/inventory.htm] but found [https://www.saucedemo.com/inventory.html]
at org.testng.asserts.SoftAssert.assertAll(SoftAssert.java:47)
at org.testng.asserts.SoftAssert.assertAll(SoftAssert.java:31)
at Tests.TstNgClass1.verifybackbutton(TstNgClass1.java:82)
at java.base/jdk.internal.reflect.DirectMethodHandleAccessor.invoke(DirectMethodHandleAccessor.java:104)
at java.base/java.lang.reflect.Method.invoke(Method.java:577)
at org.testng.internal.MethodInvocationHelper.invokeMethod(MethodInvocationHelper.java:133)
at org.testng.internal.TestInvoker.invokeMethod(TestInvoker.java:598)
at org.testng.internal.TestInvoker.invokeTestMethod(TestInvoker.java:173)
at org.testng.internal.MethodRunner.runInSequence(MethodRunner.java:46)
at org.testng.internal.TestInvoker$MethodInvocationAgent.invoke(TestInvoker.java:824)
at org.testng.internal.TestInvoker.invokeTestMethods(TestInvoker.java:146)
at org.testng.internal.TestMethodWorker.invokeTestMethods(TestMethodWorker.java:146)
at org.testng.internal.TestMethodWorker.run(TestMethodWorker.java:128)
at java.base/java.util.ArrayList.forEach(ArrayList.java:1511)
at org.testng.TestRunner.privateRun(TestRunner.java:794)
at org.testng.TestRunner.run(TestRunner.java:596)
at org.testng.SuiteRunner.runTest(SuiteRunner.java:377)
at org.testng.SuiteRunner.runSequentially(SuiteRunner.java:371)
at org.testng.SuiteRunner.privateRun(SuiteRunner.java:332)
at org.testng.SuiteRunner.run(SuiteRunner.java:276)
at org.testng.SuiteRunnerWorker.runSuite(SuiteRunnerWorker.java:53)
at org.testng.SuiteRunnerWorker.run(SuiteRunnerWorker.java:96)
at org.testng.TestNG.runSuitesSequentially(TestNG.java:1212)
at org.testng.TestNG.runSuitesLocally(TestNG.java:1134)
at org.testng.TestNG.runSuites(TestNG.java:1063)
at org.testng.TestNG.run(TestNG.java:1031)
at org.testng.remote.AbstractRemoteTestNG.run(AbstractRemoteTestNG.java:115)
at org.testng.remote.RemoteTestNG.initAndRun(RemoteTestNG.java:251)
at org.testng.remote.RemoteTestNG.main(RemoteTestNG.java:77)
]]>
            </full-stacktrace>
          </exception> <!-- java.lang.AssertionError -->
          <reporter-output>
          </reporter-output>
        </test-method> <!-- verifybackbutton -->
        <test-method is-config="true" signature="closeBrowser()[pri:0, instance:Tests.TstNgClass1@4efbca5a]" started-at="2022-09-26T12:18:44 IST" name="closeBrowser" finished-at="2022-09-26T12:18:45 IST" duration-ms="977" status="PASS">
          <reporter-output>
          </reporter-output>
        </test-method> <!-- closeBrowser -->
        <test-method is-config="true" signature="clearObjects()[pri:0, instance:Tests.TstNgClass1@4efbca5a]" started-at="2022-09-26T12:18:44 IST" name="clearObjects" finished-at="2022-09-26T12:18:44 IST" duration-ms="0" status="PASS">
          <reporter-output>
          </reporter-output>
        </test-method> <!-- clearObjects -->
      </class> <!-- Tests.TstNgClass1 -->
    </test> <!-- FirefoxTest -->
  </suite> <!-- RegrationSuite1 -->
</testng-results>
