<?xml version="1.0" encoding="UTF-8"?>
<!-- Generated by org.testng.reporters.JUnitXMLReporter -->
<testsuite ignored="0" hostname="DESKTOP-P28HKM6" failures="1" tests="1" name="ChromeTest" time="6.606" errors="0" timestamp="2022-09-26T12:18:36 IST">
  <testcase classname="Tests.TstNgClass1" name="verifybackbutton" time="0.747">
    <failure type="java.lang.AssertionError" message="The following asserts failed:
	expected [https://www.saucedemo.com/inventory.htm] but found [https://www.saucedemo.com/inventory.html]">
      <![CDATA[java.lang.AssertionError: The following asserts failed:
expected [https://www.saucedemo.com/inventory.htm] but found [https://www.saucedemo.com/inventory.html]
at Tests.TstNgClass1.verifybackbutton(TstNgClass1.java:82)
at java.base/java.util.ArrayList.forEach(ArrayList.java:1511)
... Removed 27 stack frames]]>
    </failure>
  </testcase> <!-- verifybackbutton -->
</testsuite> <!-- ChromeTest -->
