<?xml version="1.0" encoding="UTF-8"?>
<!-- Generated by org.testng.reporters.JUnitXMLReporter -->
<testsuite ignored="0" hostname="DESKTOP-P28HKM6" failures="0" tests="2" name="Default test" time="0.094" errors="0" timestamp="2022-09-22T14:07:50 IST">
  <testcase classname="Test.TestNgClassRdbus" name="@BeforeTest openbrowser" time="-1.663835870636E9">
    <failure type="org.testng.TestNGException" message="
Parameter &amp;apos;browser&amp;apos; is required by BeforeTest on method openbrowser but has not been marked @Optional or defined
in C:\Users\Shree\AppData\Local\Temp\testng-eclipse-1401369146\testng-customsuite.xml">
      <![CDATA[org.testng.TestNGException: 
Parameter 'browser' is required by BeforeTest on method openbrowser but has not been marked @Optional or defined
in C:\Users\Shree\AppData\Local\Temp\testng-eclipse-1401369146\testng-customsuite.xml
at org.testng.internal.Parameters.createParams(Parameters.java:270)
at org.testng.internal.Parameters.createParametersForMethod(Parameters.java:358)
at org.testng.internal.Parameters.createParameters(Parameters.java:700)
at org.testng.internal.Parameters.createConfigurationParameters(Parameters.java:168)
at org.testng.internal.ConfigInvoker.invokeConfigurations(ConfigInvoker.java:302)
at org.testng.TestRunner.invokeTestConfigurations(TestRunner.java:637)
at org.testng.TestRunner.beforeRun(TestRunner.java:627)
at org.testng.TestRunner.run(TestRunner.java:589)
at org.testng.SuiteRunner.runTest(SuiteRunner.java:377)
at org.testng.SuiteRunner.runSequentially(SuiteRunner.java:371)
at org.testng.SuiteRunner.privateRun(SuiteRunner.java:332)
at org.testng.SuiteRunner.run(SuiteRunner.java:276)
at org.testng.SuiteRunnerWorker.runSuite(SuiteRunnerWorker.java:53)
at org.testng.SuiteRunnerWorker.run(SuiteRunnerWorker.java:96)
at org.testng.TestNG.runSuitesSequentially(TestNG.java:1212)
at org.testng.TestNG.runSuitesLocally(TestNG.java:1134)
at org.testng.TestNG.runSuites(TestNG.java:1063)
at org.testng.TestNG.run(TestNG.java:1031)
at org.testng.remote.AbstractRemoteTestNG.run(AbstractRemoteTestNG.java:115)
at org.testng.remote.RemoteTestNG.initAndRun(RemoteTestNG.java:251)
at org.testng.remote.RemoteTestNG.main(RemoteTestNG.java:77)
]]>
    </failure>
  </testcase> <!-- @BeforeTest openbrowser -->
  <testcase classname="Test.TestNgClassRdbus" name="@BeforeClass creatPomObjects" time="-1.663835870678E9">
    <skipped/>
  </testcase> <!-- @BeforeClass creatPomObjects -->
  <testcase classname="Test.TestNgClassRdbus" name="@BeforeMethod openhomepage" time="-1.663835870695E9">
    <skipped/>
  </testcase> <!-- @BeforeMethod openhomepage -->
  <testcase classname="Test.TestNgClassRdbus" name="@AfterMethod aftermethod" time="-1.663835870704E9">
    <skipped/>
  </testcase> <!-- @AfterMethod aftermethod -->
  <testcase classname="Test.TestNgClassRdbus" name="@BeforeMethod openhomepage" time="-1.663835870707E9">
    <skipped/>
  </testcase> <!-- @BeforeMethod openhomepage -->
  <testcase classname="Test.TestNgClassRdbus" name="@AfterMethod aftermethod" time="-1.663835870714E9">
    <skipped/>
  </testcase> <!-- @AfterMethod aftermethod -->
  <testcase classname="Test.TestNgClassRdbus" name="@AfterClass clearobject" time="-1.663835870716E9">
    <skipped/>
  </testcase> <!-- @AfterClass clearobject -->
  <testcase classname="Test.TestNgClassRdbus" name="@AfterTest closeBrowser" time="-1.66383587072E9">
    <skipped/>
  </testcase> <!-- @AfterTest closeBrowser -->
  <testcase classname="Test.TestNgClassRdbus" name="checkbooking" time="0.0">
    <skipped/>
  </testcase> <!-- checkbooking -->
  <testcase classname="Test.TestNgClassRdbus" name="clickontech" time="0.0">
    <skipped/>
  </testcase> <!-- clickontech -->
</testsuite> <!-- Default test -->
